<?xml version="1.0" encoding="UTF-8"?>
<!-- Generated by org.testng.reporters.JUnitReportReporter -->
<testsuite hostname="Sandhya-Rai.attlocal.net" name="testRunners.TestRunnerTest" tests="1" failures="0" timestamp="21 Feb 2021 17:24:04 GMT" time="16.863" errors="0">
  <testcase name="feature" time="16.863" classname="testRunners.TestRunnerTest"/>
</testsuite> <!-- testRunners.TestRunnerTest -->
