<?xml version="1.0" encoding="UTF-8"?>
<!-- Generated by org.testng.reporters.JUnitReportReporter -->
<testsuite hostname="Sandhya-Rai.attlocal.net" name="testRunners.TestRunner" tests="1" failures="0" timestamp="19 Feb 2021 05:50:03 GMT" time="0.022" errors="0">
  <testcase name="feature" time="0.022" classname="testRunners.TestRunner"/>
</testsuite> <!-- testRunners.TestRunner -->
